TN:
SF:lib/common/enum/api_status.dart
FNF:0
FNH:0
DA:10,2
DA:12,2
DA:14,0
DA:16,0
DA:18,0
LF:5
LH:2
end_of_record
TN:
SF:lib/common/helper/assets_helper.dart
FNF:0
FNH:0
DA:7,0
LF:1
LH:0
end_of_record
TN:
SF:lib/common/model/exceptions.dart
FNF:0
FNH:0
DA:2,0
DA:9,0
DA:18,0
DA:20,0
DA:22,0
DA:29,0
DA:31,0
DA:33,0
LF:8
LH:0
end_of_record
TN:
SF:lib/common/model/secure_user_session.dart
FNF:0
FNH:0
DA:14,2
DA:15,6
DA:17,2
DA:18,2
DA:21,2
DA:23,4
DA:26,2
DA:28,4
DA:31,2
DA:33,4
DA:36,0
DA:38,0
DA:39,0
LF:13
LH:10
end_of_record
TN:
SF:lib/common/network/http/dio_network_service.dart
FNF:0
FNH:0
DA:8,6
DA:11,2
DA:12,6
DA:14,4
DA:15,4
DA:17,8
DA:18,2
DA:19,4
DA:24,4
DA:25,2
DA:26,2
DA:28,2
DA:31,2
DA:32,2
DA:37,2
DA:39,4
DA:40,6
DA:44,1
DA:46,4
DA:50,2
DA:53,8
LF:21
LH:21
end_of_record
TN:
SF:lib/common/theme/app_styles.dart
FNF:0
FNH:0
DA:8,0
DA:19,0
DA:21,0
DA:22,0
DA:24,0
DA:25,0
DA:27,0
DA:29,8
DA:31,8
DA:33,0
DA:35,0
DA:37,0
DA:50,0
DA:130,0
DA:148,0
DA:187,0
DA:189,4
DA:190,4
DA:195,2
DA:196,2
DA:202,4
DA:203,4
DA:208,2
DA:209,2
DA:214,0
DA:215,0
DA:218,0
DA:219,0
DA:225,0
DA:226,0
DA:230,0
DA:233,0
DA:235,0
DA:238,0
DA:239,0
DA:243,0
DA:244,0
DA:249,0
DA:250,0
DA:255,0
DA:256,0
DA:261,0
DA:262,0
DA:265,0
DA:266,0
LF:45
LH:10
end_of_record
TN:
SF:lib/common/theme/theme.dart
FNF:0
FNH:0
DA:66,6
DA:68,2
DA:69,2
DA:72,2
LF:4
LH:4
end_of_record
TN:
SF:lib/common/widgets/custom_nav_bar.dart
FNF:0
FNH:0
DA:12,2
DA:17,2
DA:18,2
DA:24,1
DA:25,2
DA:26,1
DA:30,2
DA:31,4
DA:34,2
DA:36,2
DA:38,12
DA:39,2
DA:42,2
DA:46,2
DA:49,2
DA:51,2
DA:57,2
DA:59,2
DA:60,2
DA:61,2
DA:66,2
DA:68,4
DA:71,2
DA:73,2
DA:74,2
DA:75,2
DA:77,2
DA:78,2
DA:79,4
DA:81,2
DA:84,2
DA:86,2
DA:88,2
DA:89,4
DA:91,2
DA:94,2
DA:96,2
DA:99,2
DA:100,4
DA:102,2
DA:105,2
DA:107,2
DA:109,2
DA:110,4
DA:112,2
DA:115,2
DA:117,2
DA:128,2
DA:130,2
DA:131,2
DA:132,2
DA:134,2
DA:135,6
DA:138,2
DA:139,4
DA:140,4
DA:141,4
DA:142,4
DA:143,8
DA:146,2
DA:147,4
DA:148,4
DA:149,4
DA:150,4
DA:151,6
DA:154,6
DA:155,4
DA:156,2
DA:158,2
DA:161,1
LF:70
LH:70
end_of_record
TN:
SF:lib/common/widgets/textfield/textfield_widget.dart
FNF:0
FNH:0
DA:16,1
DA:29,1
DA:31,1
DA:32,1
DA:33,1
DA:34,1
DA:35,3
DA:36,1
DA:37,1
DA:38,1
DA:39,2
DA:40,1
DA:41,1
DA:42,1
DA:45,1
DA:46,2
DA:47,1
DA:48,1
DA:49,1
DA:52,1
DA:53,2
DA:54,1
DA:55,1
DA:56,1
DA:60,1
DA:61,1
LF:26
LH:26
end_of_record
TN:
SF:lib/home/data/contact_user.dart
FNF:0
FNH:0
DA:10,2
DA:16,2
DA:17,2
DA:18,0
LF:4
LH:3
end_of_record
TN:
SF:lib/home/data/contacts_repository.dart
FNF:0
FNH:0
DA:13,2
DA:15,2
DA:17,4
DA:19,2
DA:20,4
DA:21,2
DA:22,8
DA:24,0
DA:27,0
LF:9
LH:7
end_of_record
TN:
SF:lib/home/di/home_providers.dart
FNF:0
FNH:0
DA:10,4
DA:11,6
DA:13,6
DA:14,8
DA:16,6
DA:17,8
DA:19,4
DA:20,4
DA:21,6
DA:22,2
LF:10
LH:10
end_of_record
TN:
SF:lib/home/domain/get_contacts_usecase.dart
FNF:0
FNH:0
DA:9,2
DA:11,2
DA:14,4
LF:3
LH:3
end_of_record
TN:
SF:lib/home/home_screen.dart
FNF:0
FNH:0
DA:12,4
DA:14,2
DA:16,2
DA:17,2
DA:19,2
DA:20,2
DA:22,2
DA:23,2
DA:24,2
DA:26,2
DA:28,2
DA:33,2
DA:36,4
DA:39,2
DA:42,2
DA:44,2
DA:45,2
DA:59,2
DA:60,4
DA:62,2
DA:65,4
DA:66,4
DA:69,2
DA:70,2
DA:71,4
DA:74,2
DA:76,0
LF:27
LH:26
end_of_record
TN:
SF:lib/home/ui/contact_list_item.dart
FNF:0
FNH:0
DA:9,2
DA:11,2
DA:13,2
DA:15,2
DA:16,2
DA:17,2
DA:21,2
DA:23,2
DA:24,4
DA:26,4
DA:29,2
LF:11
LH:11
end_of_record
TN:
SF:lib/home/ui/home_state.dart
FNF:0
FNH:0
DA:13,2
DA:17,2
LF:2
LH:2
end_of_record
TN:
SF:lib/home/ui/home_view_model.dart
FNF:0
FNH:0
DA:8,4
DA:10,2
DA:12,2
DA:13,4
DA:14,6
DA:16,0
LF:6
LH:5
end_of_record
TN:
SF:lib/login/data/auth_repository.dart
FNF:0
FNH:0
DA:16,1
DA:18,1
DA:21,2
DA:24,1
DA:25,2
DA:26,2
DA:27,4
DA:28,3
DA:31,0
DA:34,0
LF:10
LH:8
end_of_record
TN:
SF:lib/login/data/auth_response.dart
FNF:0
FNH:0
DA:8,1
DA:10,1
DA:11,1
DA:12,0
LF:4
LH:3
end_of_record
TN:
SF:lib/login/di/login_provider.dart
FNF:0
FNH:0
DA:11,2
DA:12,3
DA:14,5
DA:16,4
DA:17,1
DA:18,4
DA:21,2
DA:22,5
DA:24,2
DA:25,1
DA:26,4
LF:11
LH:11
end_of_record
TN:
SF:lib/login/domain/login_request.dart
FNF:0
FNH:0
DA:4,1
DA:6,2
DA:7,3
DA:8,3
LF:4
LH:4
end_of_record
TN:
SF:lib/login/domain/login_usecase.dart
FNF:0
FNH:0
DA:8,1
DA:10,1
DA:13,3
LF:3
LH:3
end_of_record
TN:
SF:lib/login/router/login_router.dart
FNF:0
FNH:0
DA:7,1
DA:9,1
DA:10,1
DA:12,2
DA:15,0
LF:5
LH:4
end_of_record
TN:
SF:lib/login/ui/login_screen.dart
FNF:0
FNH:0
DA:15,2
DA:17,1
DA:18,1
DA:22,2
DA:23,2
DA:27,1
DA:29,1
DA:30,2
DA:31,2
DA:34,1
DA:36,3
DA:37,4
DA:39,1
DA:40,1
DA:41,1
DA:44,1
DA:46,1
DA:48,1
DA:49,1
DA:54,1
DA:56,1
DA:58,1
DA:59,2
DA:64,2
DA:68,1
DA:70,1
DA:72,1
DA:73,1
DA:75,2
DA:79,1
DA:81,1
DA:84,1
DA:90,1
DA:91,1
DA:93,2
DA:107,1
DA:108,1
DA:112,1
DA:113,1
DA:115,1
DA:116,0
DA:119,1
DA:122,1
DA:124,1
DA:125,1
DA:131,1
DA:133,1
DA:142,1
DA:143,1
DA:145,1
DA:146,1
DA:147,3
DA:149,1
DA:151,1
DA:152,2
DA:157,1
DA:158,1
DA:160,1
DA:161,1
DA:162,3
DA:164,1
DA:166,1
DA:167,1
DA:168,2
DA:169,1
DA:171,1
DA:172,2
DA:173,2
DA:176,2
DA:184,1
DA:186,1
DA:187,1
DA:189,1
DA:191,1
DA:192,1
DA:195,1
DA:199,3
DA:200,2
DA:201,1
DA:202,2
DA:204,0
DA:208,1
DA:210,2
DA:213,2
DA:214,1
DA:215,1
LF:86
LH:84
end_of_record
TN:
SF:lib/login/ui/login_state.dart
FNF:0
FNH:0
DA:13,1
DA:20,2
DA:26,1
DA:32,1
DA:33,1
DA:34,1
DA:35,1
DA:36,1
LF:8
LH:8
end_of_record
TN:
SF:lib/login/ui/login_view_model.dart
FNF:0
FNH:0
DA:9,2
DA:11,1
DA:12,3
DA:14,4
DA:18,1
DA:19,3
DA:21,4
DA:25,1
DA:28,7
DA:30,3
DA:31,1
DA:34,0
DA:35,0
DA:37,0
LF:14
LH:11
end_of_record
TN:
SF:lib/main.dart
FNF:0
FNH:0
DA:9,0
DA:10,0
DA:11,0
DA:12,0
DA:13,0
DA:14,0
DA:22,2
DA:24,2
DA:26,2
DA:28,2
DA:29,2
DA:30,2
LF:12
LH:6
end_of_record
